<html>
<body>
<pre>
<h1>Vision Build Log</h1>
<h2>Tool Versions:</h2>
IDE-Version: μVision V5.14.0.0
Copyright (C) 2015 ARM Ltd and ARM Germany GmbH. All rights reserved.
License Information: 1 abc14, 1, LIC=50D56-DB4EL-AVA1J-UI70E-8LH2H-F6C8T
 
Tool Versions:
Toolchain:       MDK-ARM Professional  Version: 5.14.0.0
Toolchain Path:  C:\Keil_v5\ARM\ARMCC\Bin
C Compiler:      Armcc.exe V5.05 update 1 (build 106)
Assembler:       Armasm.exe V5.05 update 1 (build 106)
Linker/Locator:  ArmLink.exe V5.05 update 1 (build 106)
Library Manager: ArmAr.exe V5.05 update 1 (build 106)
Hex Converter:   FromElf.exe V5.05 update 1 (build 106)
CPU DLL:         SARMCM3.DLL V5.14.0.0
Dialog DLL:      DARMSTM.DLL V1.65.0.0
Target DLL:      UL2CM3.DLL V1.155.0.0
Dialog DLL:      TCM.DLL V1.14.4.0
 
<h2>Project:</h2>
C:\Users\abc14\Desktop\stm32_project_1 红外\USER\TEST_1.uvprojx
Project File Date:  08/17/2018

<h2>Output:</h2>
Rebuild target 'template'
compiling main.c...
main.c(15): warning:  #1295-D: Deprecated declaration miehuo - give arg types
  void miehuo();
main.c(16): warning:  #1295-D: Deprecated declaration home - give arg types
  void home();
main.c(17): warning:  #1295-D: Deprecated declaration fengshan - give arg types
  void fengshan();
main.c(59): error:  #29: expected an expression
                else if(huiducishu==?)   //灰度检测到房间 或者  if(huidu1==0)  注意复位
main.c(63): error:  #29: expected an expression
                if()  //这里找到一个代表D房间能走完的标志
main.c(77): error:  #29: expected an expression
        }else if()
main.c(80): error:  #127: expected a statement
  }
main.c: 3 warnings, 4 errors
compiling stm32f10x_it.c...
compiling system_stm32f10x.c...
compiling core_cm3.c...
assembling startup_stm32f10x_hd.s...
compiling misc.c...
compiling stm32f10x_adc.c...
compiling stm32f10x_can.c...
compiling stm32f10x_bkp.c...
compiling stm32f10x_cec.c...
compiling stm32f10x_crc.c...
compiling stm32f10x_dac.c...
compiling stm32f10x_dbgmcu.c...
compiling stm32f10x_dma.c...
compiling stm32f10x_exti.c...
compiling stm32f10x_flash.c...
compiling stm32f10x_fsmc.c...
compiling stm32f10x_gpio.c...
compiling stm32f10x_i2c.c...
compiling stm32f10x_iwdg.c...
compiling stm32f10x_pwr.c...
compiling stm32f10x_rcc.c...
compiling stm32f10x_rtc.c...
compiling stm32f10x_sdio.c...
compiling stm32f10x_spi.c...
compiling stm32f10x_tim.c...
compiling stm32f10x_usart.c...
compiling stm32f10x_wwdg.c...
compiling led.c...
compiling pwm.c...
..\HARDWARE\PWM\pwm.c(108): warning:  #1-D: last line of file ends without a newline
  }
..\HARDWARE\PWM\pwm.c: 1 warning, 0 errors
compiling motor.c...
..\HARDWARE\MOTOR\motor.c(147): error:  #20: identifier "huducishu" is undefined
                if(huducishu==?) //这里考虑门口的灰度是否记录了两次
..\HARDWARE\MOTOR\motor.c(147): error:  #29: expected an expression
                if(huducishu==?) //这里考虑门口的灰度是否记录了两次
..\HARDWARE\MOTOR\motor.c: 0 warnings, 2 errors
compiling exti.c...
compiling laser.c...
compiling huidu.c...
compiling huoyan.c...
compiling fan.c...
compiling delay.c...
compiling sys.c...
compiling usart.c...
"..\OBJ\TEST_1.axf" - 6 Error(s), 4 Warning(s).

<h2>Collection of Component include folders:</h2>
  C:\Users\abc14\Desktop\stm32_project_1 红外\USER\RTE
  C:\Keil_v5\ARM\PACK\Keil\STM32F1xx_DFP\1.0.5\Device\Include

<h2>Collection of Component Files used:</h2>
Target not created.
</pre>
</body>
</html>
